<?xml version="1.0" encoding="UTF-8"?>
<!-- Generated by org.testng.reporters.JUnitReportReporter -->
<testsuite hostname="LAPTOP-QS1S87MJ" failures="0" tests="1" name="basic.ParallelRun2" time="2.096" errors="0" timestamp="2024-04-14T22:32:08 IST" skipped="0">
  <testcase classname="basic.ParallelRun2" name="LaunchBrowser" time="2.096"/>
</testsuite> <!-- basic.ParallelRun2 -->
