<?xml version="1.0" encoding="UTF-8"?>
<!-- Generated by org.testng.reporters.JUnitReportReporter -->
<testsuite hostname="LAPTOP-QS1S87MJ" failures="0" tests="1" name="basic.MakeMyTrip_SequenceRun2" time="2.016" errors="0" timestamp="2024-04-14T21:29:41 IST" skipped="0">
  <testcase classname="basic.MakeMyTrip_SequenceRun2" name="LaunchBrowser" time="2.016"/>
</testsuite> <!-- basic.MakeMyTrip_SequenceRun2 -->
