<?xml version="1.0" encoding="UTF-8"?>
<!-- Generated by org.testng.reporters.JUnitReportReporter -->
<testsuite hostname="LAPTOP-QS1S87MJ" failures="0" tests="1" name="basic.Check" time="0.004" errors="0" timestamp="2024-04-14T17:42:45 IST" skipped="0">
  <testcase classname="basic.Check" name="run" time="0.004"/>
</testsuite> <!-- basic.Check -->
