<?xml version="1.0" encoding="UTF-8"?>
<!-- Generated by org.testng.reporters.JUnitReportReporter -->
<testsuite hostname="LAPTOP-QS1S87MJ" failures="0" tests="1" name="basic.ParallelRun1" time="4.202" errors="0" timestamp="2024-04-14T22:32:08 IST" skipped="0">
  <testcase classname="basic.ParallelRun1" name="LaunchBrowser" time="4.202"/>
</testsuite> <!-- basic.ParallelRun1 -->
